<?xml version="1.0" encoding="UTF-8"?>
<robot generator="Robot 7.2 (Python 3.13.1 on win32)" generated="2025-01-23T16:19:50.472426" rpa="false" schemaversion="5">
<suite id="s1" name="Apidemos" source="C:\Users\Administrateur\Desktop\Appium-Init-\tests\apidemos.robot">
<test id="s1-t1" name="Scenario: Launch and verify the home screen" line="8">
<kw name="Given I Launch The App" owner="apidemo_keywords">
<msg time="2025-01-23T16:19:50.514360" level="FAIL">Variable '${APP_PACKAGE_API}' not found.</msg>
<arg>${APP_PACKAGE_API}</arg>
<arg>${APP_ACTIVITY_API}</arg>
<doc>Launch the application.</doc>
<status status="FAIL" start="2025-01-23T16:19:50.513984" elapsed="0.000415">Variable '${APP_PACKAGE_API}' not found.</status>
</kw>
<doc>Test the app launches correctly and verify the home screen appears</doc>
<status status="FAIL" start="2025-01-23T16:19:50.513113" elapsed="0.001600">Variable '${APP_PACKAGE_API}' not found.</status>
</test>
<status status="FAIL" start="2025-01-23T16:19:50.473705" elapsed="0.042347"/>
</suite>
<statistics>
<total>
<stat pass="0" fail="1" skip="0">All Tests</stat>
</total>
<tag>
</tag>
<suite>
<stat name="Apidemos" id="s1" pass="0" fail="1" skip="0">Apidemos</stat>
</suite>
</statistics>
<errors>
<msg time="2025-01-23T16:19:50.499767" level="ERROR">Error in file 'C:\Users\Administrateur\Desktop\Appium-Init-\resources\keywords\appium_keywords.robot' on line 2: Resource file '..\resources\variables.resource' does not exist.</msg>
<msg time="2025-01-23T16:19:50.500954" level="ERROR">Error in file 'C:\Users\Administrateur\Desktop\Appium-Init-\resources\keywords\appium_keywords.robot' on line 3: Resource file '..\resources\libraries.resource' does not exist.</msg>
<msg time="2025-01-23T16:19:50.508972" level="ERROR">Error in file 'C:\Users\Administrateur\Desktop\Appium-Init-\resources\keywords\apidemo_keywords.robot' on line 2: Resource file '..\resources\variables.resource' does not exist.</msg>
<msg time="2025-01-23T16:19:50.510782" level="ERROR">Error in file 'C:\Users\Administrateur\Desktop\Appium-Init-\resources\keywords\apidemo_keywords.robot' on line 3: Resource file '..\resources\libraries.resource' does not exist.</msg>
</errors>
</robot>
