<?xml version="1.0" encoding="UTF-8"?>
<robot generator="Robot 7.2 (Python 3.13.1 on win32)" generated="2025-01-23T16:30:36.438895" rpa="false" schemaversion="5">
<suite id="s1" name="Appium-Init-" source="C:\Users\Administrateur\Desktop\Appium-Init-">
<suite id="s1-s1" name="Tests" source="C:\Users\Administrateur\Desktop\Appium-Init-\tests">
<suite id="s1-s1-s1" name="Apidemos" source="C:\Users\Administrateur\Desktop\Appium-Init-\tests\apidemos.robot">
<test id="s1-s1-s1-t1" name="Scenario: Launch and verify the home screen" line="8">
<kw name="Given I Launch The App" owner="apidemo_keywords">
<kw name="Start Appium Session" owner="appium_keywords">
<kw name="Open Application" owner="AppiumLibrary">
<arg>${APPIUM_SERVER}</arg>
<arg>platformName=${PLATFORM_NAME}</arg>
<arg>platformVersion=${PLATFORM_VERSION}</arg>
<arg>deviceName=${DEVICE_NAME}</arg>
<arg>automationName=${AUTOMATION_NAME}</arg>
<arg>appPackage=${app_package}</arg>
<arg>appActivity=${app_activity}</arg>
<doc>Opens a new application to given Appium server.
Capabilities of appium server, Android and iOS,
Please check https://appium.io/docs/en/2.1/cli/args/
| *Option*            | *Man.* | *Description*     |
| remote_url          | Yes    | Appium server url |
| alias               | no     | alias             |
| strict_ssl          | No     | allows you to send commands to an invalid certificate host like a self-signed one. |</doc>
<status status="PASS" start="2025-01-23T16:30:36.623251" elapsed="7.051978"/>
</kw>
<arg>${app_package}</arg>
<arg>${app_activity}</arg>
<doc>Démarrer une session Appium en utilisant la configuration.</doc>
<status status="PASS" start="2025-01-23T16:30:36.622819" elapsed="7.053014"/>
</kw>
<arg>${APP_PACKAGE_API}</arg>
<arg>${APP_ACTIVITY_API}</arg>
<doc>Launch the application.</doc>
<status status="PASS" start="2025-01-23T16:30:36.621016" elapsed="7.055000"/>
</kw>
<kw name="When The Logo Appears" owner="apidemo_keywords">
<kw name="Wait Until Element Is Visible" owner="AppiumLibrary">
<msg time="2025-01-23T16:30:45.148217" level="INFO">xpath criteria: //android.widget.TextView[@text="API Demos"]</msg>
<arg>//android.widget.TextView[@text="API Demos"]</arg>
<arg>timeout=5</arg>
<doc>Waits until element specified with `locator` is visible.</doc>
<status status="PASS" start="2025-01-23T16:30:43.679505" elapsed="1.468906"/>
</kw>
<kw name="Wait Until Page Contains" owner="AppiumLibrary">
<arg>text=API Demos</arg>
<arg>timeout=5</arg>
<doc>Waits until `text` appears on current page.</doc>
<status status="PASS" start="2025-01-23T16:30:45.148574" elapsed="0.064892"/>
</kw>
<doc>Verify the logo appears.</doc>
<status status="PASS" start="2025-01-23T16:30:43.677931" elapsed="1.535739"/>
</kw>
<kw name="Then The Home Screen Should Be Visible" owner="apidemo_keywords">
<kw name="Wait Until Element Is Visible" owner="AppiumLibrary">
<msg time="2025-01-23T16:30:45.317938" level="INFO">criteria is android:id/list</msg>
<arg>android:id/list</arg>
<arg>timeout=5</arg>
<doc>Waits until element specified with `locator` is visible.</doc>
<status status="PASS" start="2025-01-23T16:30:45.215948" elapsed="0.102222"/>
</kw>
<doc>Verify the home screen is visible.</doc>
<status status="PASS" start="2025-01-23T16:30:45.215065" elapsed="0.103265"/>
</kw>
<doc>Test the app launches correctly and verify the home screen appears</doc>
<status status="PASS" start="2025-01-23T16:30:36.619953" elapsed="8.699352"/>
</test>
<status status="PASS" start="2025-01-23T16:30:36.465915" elapsed="8.854772"/>
</suite>
<status status="PASS" start="2025-01-23T16:30:36.462640" elapsed="8.859236"/>
</suite>
<status status="PASS" start="2025-01-23T16:30:36.442928" elapsed="8.880059"/>
</suite>
<statistics>
<total>
<stat pass="1" fail="0" skip="0">All Tests</stat>
</total>
<tag>
</tag>
<suite>
<stat name="Appium-Init-" id="s1" pass="1" fail="0" skip="0">Appium-Init-</stat>
<stat name="Tests" id="s1-s1" pass="1" fail="0" skip="0">Appium-Init-.Tests</stat>
<stat name="Apidemos" id="s1-s1-s1" pass="1" fail="0" skip="0">Appium-Init-.Tests.Apidemos</stat>
</suite>
</statistics>
<errors>
</errors>
</robot>
